app/build/intermediates/manifest_merge_blame_file/debug/manifest-merger-blame-debug-report.txt
1<?xml version="1.0" encoding="utf-8"?>
2<manifest xmlns:android="http://schemas.android.com/apk/res/android"
3    package="com.kazimasum.qrdemo"
4    android:versionCode="1"
5    android:versionName="1.0" >
6
7    <uses-sdk
8        android:minSdkVersion="21"
8-->src/main/AndroidManifest.xml
9        android:targetSdkVersion="29" />
9-->src/main/AndroidManifest.xml
10
11    <uses-permission android:name="android.permission.CAMERA" />
11-->src/main/AndroidManifest.xml:4:1-60
11-->src/main/AndroidManifest.xml:4:18-58
12
13    <application
13-->src/main/AndroidManifest.xml:5:5-20:19
14        android:allowBackup="true"
14-->src/main/AndroidManifest.xml:6:9-35
15        android:appComponentFactory="androidx.core.app.CoreComponentFactory"
15-->[androidx.core:core:1.5.0] AndroidManifest.xml:24:18-86
16        android:debuggable="true"
17        android:icon="@mipmap/ic_launcher"
17-->src/main/AndroidManifest.xml:7:9-43
18        android:label="@string/app_name"
18-->src/main/AndroidManifest.xml:8:9-41
19        android:roundIcon="@mipmap/ic_launcher_round"
19-->src/main/AndroidManifest.xml:9:9-54
20        android:supportsRtl="true"
20-->src/main/AndroidManifest.xml:10:9-35
21        android:testOnly="true"
22        android:theme="@style/AppTheme" >
22-->src/main/AndroidManifest.xml:11:9-40
23        <activity android:name="com.kazimasum.qrdemo.scannerView" />
23-->src/main/AndroidManifest.xml:12:9-58
23-->src/main/AndroidManifest.xml:12:19-46
24        <activity android:name="com.kazimasum.qrdemo.MainActivity" >
24-->src/main/AndroidManifest.xml:13:9-19:20
24-->src/main/AndroidManifest.xml:13:19-47
25            <intent-filter>
25-->src/main/AndroidManifest.xml:14:13-18:29
26                <action android:name="android.intent.action.MAIN" />
26-->src/main/AndroidManifest.xml:15:17-69
26-->src/main/AndroidManifest.xml:15:25-66
27
28                <category android:name="android.intent.category.LAUNCHER" />
28-->src/main/AndroidManifest.xml:17:17-77
28-->src/main/AndroidManifest.xml:17:27-74
29            </intent-filter>
30        </activity>
31        <activity
31-->[com.karumi:dexter:6.2.2] AndroidManifest.xml:27:9-29:72
32            android:name="com.karumi.dexter.DexterActivity"
32-->[com.karumi:dexter:6.2.2] AndroidManifest.xml:28:13-60
33            android:theme="@style/Dexter.Internal.Theme.Transparent" />
33-->[com.karumi:dexter:6.2.2] AndroidManifest.xml:29:13-69
34    </application>
35
36</manifest>